<?xml version="1.0" encoding="UTF-8"?>
<!-- Generated by org.testng.reporters.JUnitReportReporter -->
<testsuite hostname="LAPTOP-R0TTQOIV" failures="1" tests="9" name="com.polypro.model.ChuyenDeNGTest" time="0.010" errors="0" timestamp="2024-04-10T00:40:46 ICT" skipped="0">
  <testcase classname="com.polypro.model.ChuyenDeNGTest" name="testSetTenCD" time="0.001"/>
  <system-out/>
  <testcase classname="com.polypro.model.ChuyenDeNGTest" name="testSetThoiLuong" time="0.002"/>
  <system-out/>
  <testcase classname="com.polypro.model.ChuyenDeNGTest" name="testSetMaCD" time="0.002"/>
  <system-out/>
  <testcase classname="com.polypro.model.ChuyenDeNGTest" name="testToString" time="0.002">
    <failure message="expected [ChuyenDe{MaCD=null, TenCD=null, HocPhi=0.0, ThoiLuong=0, Hinh=null, MoTa=null}] but found [null]" type="java.lang.AssertionError">
      <![CDATA[java.lang.AssertionError: expected [ChuyenDe{MaCD=null, TenCD=null, HocPhi=0.0, ThoiLuong=0, Hinh=null, MoTa=null}] but found [null]
at org.testng.Assert.fail(Assert.java:97)
at org.testng.Assert.failNotEquals(Assert.java:969)
at org.testng.Assert.assertEqualsImpl(Assert.java:131)
at org.testng.Assert.assertEquals(Assert.java:118)
at org.testng.Assert.assertEquals(Assert.java:575)
at org.testng.Assert.assertEquals(Assert.java:585)
at com.polypro.model.ChuyenDeNGTest.testToString(ChuyenDeNGTest.java:49)
at java.base/jdk.internal.reflect.DirectMethodHandleAccessor.invoke(DirectMethodHandleAccessor.java:103)
at java.base/java.lang.reflect.Method.invoke(Method.java:580)
at org.testng.internal.MethodInvocationHelper.invokeMethod(MethodInvocationHelper.java:134)
at org.testng.internal.TestInvoker.invokeMethod(TestInvoker.java:597)
at org.testng.internal.TestInvoker.invokeTestMethod(TestInvoker.java:173)
at org.testng.internal.MethodRunner.runInSequence(MethodRunner.java:46)
at org.testng.internal.TestInvoker$MethodInvocationAgent.invoke(TestInvoker.java:816)
at org.testng.internal.TestInvoker.invokeTestMethods(TestInvoker.java:146)
at org.testng.internal.TestMethodWorker.invokeTestMethods(TestMethodWorker.java:146)
at org.testng.internal.TestMethodWorker.run(TestMethodWorker.java:128)
at java.base/java.util.ArrayList.forEach(ArrayList.java:1596)
at org.testng.TestRunner.privateRun(TestRunner.java:766)
at org.testng.TestRunner.run(TestRunner.java:587)
at org.testng.SuiteRunner.runTest(SuiteRunner.java:384)
at org.testng.SuiteRunner.runSequentially(SuiteRunner.java:378)
at org.testng.SuiteRunner.privateRun(SuiteRunner.java:337)
at org.testng.SuiteRunner.run(SuiteRunner.java:286)
at org.testng.SuiteRunnerWorker.runSuite(SuiteRunnerWorker.java:53)
at org.testng.SuiteRunnerWorker.run(SuiteRunnerWorker.java:96)
at org.testng.TestNG.runSuitesSequentially(TestNG.java:1187)
at org.testng.TestNG.runSuitesLocally(TestNG.java:1109)
at org.testng.TestNG.runSuites(TestNG.java:1039)
at org.testng.TestNG.run(TestNG.java:1007)
at org.apache.maven.surefire.testng.TestNGExecutor.run(TestNGExecutor.java:135)
at org.apache.maven.surefire.testng.TestNGDirectoryTestSuite.executeSingleClass(TestNGDirectoryTestSuite.java:112)
at org.apache.maven.surefire.testng.TestNGDirectoryTestSuite.execute(TestNGDirectoryTestSuite.java:99)
at org.apache.maven.surefire.testng.TestNGProvider.invoke(TestNGProvider.java:146)
at org.apache.maven.surefire.booter.ForkedBooter.runSuitesInProcess(ForkedBooter.java:377)
at org.apache.maven.surefire.booter.ForkedBooter.execute(ForkedBooter.java:138)
at org.apache.maven.surefire.booter.ForkedBooter.run(ForkedBooter.java:465)
at org.apache.maven.surefire.booter.ForkedBooter.main(ForkedBooter.java:451)
]]>
    </failure>
  </testcase> <!-- testToString -->
  <system-out/>
  <testcase classname="com.polypro.model.ChuyenDeNGTest" name="testGetThoiLuong" time="0.000"/>
  <system-out/>
  <testcase classname="com.polypro.model.ChuyenDeNGTest" name="testGetMaCD" time="0.001"/>
  <system-out/>
  <testcase classname="com.polypro.model.ChuyenDeNGTest" name="testGetTenCD" time="0.000"/>
  <system-out/>
  <testcase classname="com.polypro.model.ChuyenDeNGTest" name="testSetHocPhi" time="0.000"/>
  <system-out/>
  <testcase classname="com.polypro.model.ChuyenDeNGTest" name="testGetHocPhi" time="0.002"/>
  <system-out/>
</testsuite> <!-- com.polypro.model.ChuyenDeNGTest -->
